<?xml version="1.0" encoding="UTF-8"?>
<!-- Generated by org.testng.reporters.JUnitXMLReporter -->
<testsuite ignored="2" hostname="Anurags-MacBook-Pro.local" failures="0" tests="1" name="Surefire test" time="10.534" errors="0" timestamp="2025-08-23T22:13:13 IST">
  <testcase classname="com.qa.BaseTest" name="@BeforeTest beforeTest" time="10.509">
    <failure type="org.openqa.selenium.SessionNotCreatedException" message="Could not start a new session. Response code 500. Message: An unknown server-side error occurred while processing the command. Original error: Cannot start the &amp;apos;com.saucelabs.mydemoapp.android&amp;apos; application. Consider checking the driver&amp;apos;s troubleshooting documentation. Original error: Error executing adbExec. Original error: &amp;apos;Command &amp;apos;/Users/anuragmingwal/Library/Android/sdk/platform-tools/adb -P 5037 -s emulator-5554 shell am start-activity -W -n com.saucelabs.mydemoapp.android/com.saucelabs.mydemoapp.android.view.activities.MainActivity -S -a android.intent.action.MAIN -c android.intent.category.LAUNCHER -f 0x10200000&amp;apos; exited with code 255&amp;apos;; Command output: 
Exception occurred while executing &amp;apos;start-activity&amp;apos;:
java.lang.SecurityException: Permission Denial: starting Intent { act=android.intent.action.MAIN cat=[android.intent.category.LAUNCHER] flg=0x10200000 cmp=com.saucelabs.mydemoapp.android/.view.activities.MainActivity } from null (pid=23616, uid=2000) not exported from uid 10200
	at com.android.server.wm.ActivityTaskSupervisor.checkStartAnyActivityPermission(ActivityTaskSupervisor.java:1116)
	at com.android.server.wm.ActivityStarter.executeRequest(ActivityStarter.java:1014)
	at com.android.server.wm.ActivityStarter.execute(ActivityStarter.java:703)
	at com.android.server.wm.ActivityTaskManagerService.startActivityAndWait(ActivityTaskManagerService.java:1562)
	at com.android.server.am.ActivityManagerService.startActivityAndWait(ActivityManagerService.java:3165)
	at com.android.server.am.ActivityManagerShellCommand.runStartActivity(ActivityManagerShellCommand.java:600)
	at com.android.server.am.ActivityManagerShellCommand.onCommand(ActivityManagerShellCommand.java:208)
	at com.android.modules.utils.BasicShellCommandHandler.exec(BasicShellCommandHandler.java:97)
	at android.os.ShellCommand.exec(ShellCommand.java:38)
	at com.android.server.am.ActivityManagerService.onShellCommand(ActivityManagerService.java:9285)
	at android.os.Binder.shellCommand(Binder.java:1049)
	at android.os.Binder.onTransact(Binder.java:877)
	at android.app.IActivityManager$Stub.onTransact(IActivityManager.java:4731)
	at com.android.server.am.ActivityManagerService.onTransact(ActivityManagerService.java:2628)
	at android.os.Binder.execTransactInternal(Binder.java:1285)
	at android.os.Binder.execTransact(Binder.java:1244)
 
Host info: host: &amp;apos;Anurags-MacBook-Pro.local&amp;apos;, ip: &amp;apos;2409:40d0:11f0:ecc6:14ba:58a8:9817:adfc%en0&amp;apos;
Build info: version: &amp;apos;4.35.0&amp;apos;, revision: &amp;apos;1c58e5028b&amp;apos;
System info: os.name: &amp;apos;Mac OS X&amp;apos;, os.arch: &amp;apos;aarch64&amp;apos;, os.version: &amp;apos;15.4.1&amp;apos;, java.version: &amp;apos;17.0.8&amp;apos;
Driver info: io.appium.java_client.AppiumDriver
Command: [null, newSession {capabilities=[Capabilities {appium:app: /Users/anuragmingwal/Docume..., appium:appActivity: com.saucelabs.mydemoapp.and..., appium:appPackage: com.saucelabs.mydemoapp.and..., appium:automationName: UiAutomator2, appium:deviceName: emulator-5554, platformName: ANDROID}]}]
Capabilities {appium:app: /Users/anuragmingwal/Docume..., appium:appActivity: com.saucelabs.mydemoapp.and..., appium:appPackage: com.saucelabs.mydemoapp.and..., appium:automationName: UiAutomator2, appium:deviceName: emulator-5554, platformName: ANDROID}">
      <![CDATA[org.openqa.selenium.SessionNotCreatedException: Could not start a new session. Response code 500. Message: An unknown server-side error occurred while processing the command. Original error: Cannot start the 'com.saucelabs.mydemoapp.android' application. Consider checking the driver's troubleshooting documentation. Original error: Error executing adbExec. Original error: 'Command '/Users/anuragmingwal/Library/Android/sdk/platform-tools/adb -P 5037 -s emulator-5554 shell am start-activity -W -n com.saucelabs.mydemoapp.android/com.saucelabs.mydemoapp.android.view.activities.MainActivity -S -a android.intent.action.MAIN -c android.intent.category.LAUNCHER -f 0x10200000' exited with code 255'; Command output: 
Exception occurred while executing 'start-activity':
java.lang.SecurityException: Permission Denial: starting Intent { act=android.intent.action.MAIN cat=[android.intent.category.LAUNCHER] flg=0x10200000 cmp=com.saucelabs.mydemoapp.android/.view.activities.MainActivity } from null (pid=23616, uid=2000) not exported from uid 10200
at com.android.server.wm.ActivityTaskSupervisor.checkStartAnyActivityPermission(ActivityTaskSupervisor.java:1116)
at com.android.server.wm.ActivityStarter.executeRequest(ActivityStarter.java:1014)
at com.android.server.wm.ActivityStarter.execute(ActivityStarter.java:703)
at com.android.server.wm.ActivityTaskManagerService.startActivityAndWait(ActivityTaskManagerService.java:1562)
at com.android.server.am.ActivityManagerService.startActivityAndWait(ActivityManagerService.java:3165)
at com.android.server.am.ActivityManagerShellCommand.runStartActivity(ActivityManagerShellCommand.java:600)
at com.android.server.am.ActivityManagerShellCommand.onCommand(ActivityManagerShellCommand.java:208)
at com.android.modules.utils.BasicShellCommandHandler.exec(BasicShellCommandHandler.java:97)
at android.os.ShellCommand.exec(ShellCommand.java:38)
at com.android.server.am.ActivityManagerService.onShellCommand(ActivityManagerService.java:9285)
at android.os.Binder.shellCommand(Binder.java:1049)
at android.os.Binder.onTransact(Binder.java:877)
at android.app.IActivityManager$Stub.onTransact(IActivityManager.java:4731)
at com.android.server.am.ActivityManagerService.onTransact(ActivityManagerService.java:2628)
at android.os.Binder.execTransactInternal(Binder.java:1285)
at android.os.Binder.execTransact(Binder.java:1244)
 
Host info: host: 'Anurags-MacBook-Pro.local', ip: '2409:40d0:11f0:ecc6:14ba:58a8:9817:adfc%en0'
Build info: version: '4.35.0', revision: '1c58e5028b'
System info: os.name: 'Mac OS X', os.arch: 'aarch64', os.version: '15.4.1', java.version: '17.0.8'
Driver info: io.appium.java_client.AppiumDriver
Command: [null, newSession {capabilities=[Capabilities {appium:app: /Users/anuragmingwal/Docume..., appium:appActivity: com.saucelabs.mydemoapp.and..., appium:appPackage: com.saucelabs.mydemoapp.and..., appium:automationName: UiAutomator2, appium:deviceName: emulator-5554, platformName: ANDROID}]}]
Capabilities {appium:app: /Users/anuragmingwal/Docume..., appium:appActivity: com.saucelabs.mydemoapp.and..., appium:appPackage: com.saucelabs.mydemoapp.and..., appium:automationName: UiAutomator2, appium:deviceName: emulator-5554, platformName: ANDROID}
at org.openqa.selenium.remote.ProtocolHandshake.createSession(ProtocolHandshake.java:114)
at org.openqa.selenium.remote.ProtocolHandshake.createSession(ProtocolHandshake.java:75)
at org.openqa.selenium.remote.ProtocolHandshake.createSession(ProtocolHandshake.java:61)
at io.appium.java_client.remote.AppiumCommandExecutor.createSession(AppiumCommandExecutor.java:178)
at io.appium.java_client.remote.AppiumCommandExecutor.execute(AppiumCommandExecutor.java:243)
at org.openqa.selenium.remote.RemoteWebDriver.execute(RemoteWebDriver.java:557)
at io.appium.java_client.AppiumDriver.startSession(AppiumDriver.java:308)
at org.openqa.selenium.remote.RemoteWebDriver.<init>(RemoteWebDriver.java:174)
at io.appium.java_client.AppiumDriver.<init>(AppiumDriver.java:98)
at io.appium.java_client.AppiumDriver.<init>(AppiumDriver.java:109)
at com.qa.BaseTest.beforeTest(BaseTest.java:60)
... Removed 29 stack frames]]>
    </failure>
  </testcase> <!-- @BeforeTest beforeTest -->
  <testcase classname="com.qa.tests.LoginTests" name="@BeforeMethod beforeMethod" time="0.0">
    <skipped/>
  </testcase> <!-- @BeforeMethod beforeMethod -->
  <testcase classname="com.qa.BaseTest" name="@AfterTest afterTest" time="0.0">
    <skipped/>
  </testcase> <!-- @AfterTest afterTest -->
  <testcase classname="com.qa.tests.LoginTests" name="validuserName" time="0.0">
    <skipped/>
  </testcase> <!-- validuserName -->
  <testcase classname="com.qa.BaseTest" name="@AfterTest afterTest" time="0.0">
    <ignored/>
  </testcase> <!-- @AfterTest afterTest -->
  <testcase classname="com.qa.BaseTest" name="@BeforeTest beforeTest" time="0.0">
    <ignored/>
  </testcase> <!-- @BeforeTest beforeTest -->
</testsuite> <!-- Surefire test -->
