<?xml version="1.0" encoding="UTF-8"?>
<testng-results ignored="0" total="2" passed="2" failed="0" skipped="0">
  <reporter-output>
  </reporter-output>
  <suite started-at="2025-08-24T23:24:15 IST" name="Android Suite" finished-at="2025-08-24T23:24:30 IST" duration-ms="14299">
    <groups>
    </groups>
    <test started-at="2025-08-24T23:24:15 IST" name="Login Test on Android" finished-at="2025-08-24T23:24:30 IST" duration-ms="14299">
      <class name="com.qa.tests.LoginTests">
        <test-method is-config="true" signature="beforeTest(java.lang.String,java.lang.String)[pri:0, instance:com.qa.tests.LoginTests@323b36e0]" started-at="2025-08-24T23:24:15 IST" name="beforeTest" finished-at="2025-08-24T23:24:21 IST" duration-ms="5380" status="PASS">
          <params>
            <param index="0">
              <value>
                <![CDATA[Android]]>
              </value>
            </param>
            <param index="1">
              <value>
                <![CDATA[emulator-5554]]>
              </value>
            </param>
          </params>
          <reporter-output>
          </reporter-output>
        </test-method> <!-- beforeTest -->
        <test-method is-config="true" signature="beforeClass()[pri:0, instance:com.qa.tests.LoginTests@323b36e0]" started-at="2025-08-24T23:24:21 IST" name="beforeClass" finished-at="2025-08-24T23:24:21 IST" duration-ms="4" status="PASS">
          <reporter-output>
          </reporter-output>
        </test-method> <!-- beforeClass -->
        <test-method is-config="true" signature="beforeMethod(java.lang.reflect.Method)[pri:0, instance:com.qa.tests.LoginTests@323b36e0]" started-at="2025-08-24T23:24:21 IST" name="beforeMethod" finished-at="2025-08-24T23:24:21 IST" duration-ms="251" status="PASS">
          <params>
            <param index="0">
              <value>
                <![CDATA[public void com.qa.tests.LoginTests.invaliduserName()]]>
              </value>
            </param>
          </params>
          <reporter-output>
          </reporter-output>
        </test-method> <!-- beforeMethod -->
        <test-method signature="invaliduserName()[pri:0, instance:com.qa.tests.LoginTests@323b36e0]" started-at="2025-08-24T23:24:21 IST" name="invaliduserName" finished-at="2025-08-24T23:24:26 IST" duration-ms="4746" status="PASS">
          <reporter-output>
          </reporter-output>
        </test-method> <!-- invaliduserName -->
        <test-method is-config="true" signature="beforeMethod(java.lang.reflect.Method)[pri:0, instance:com.qa.tests.LoginTests@323b36e0]" started-at="2025-08-24T23:24:26 IST" name="beforeMethod" finished-at="2025-08-24T23:24:26 IST" duration-ms="1" status="PASS">
          <params>
            <param index="0">
              <value>
                <![CDATA[public void com.qa.tests.LoginTests.validuserName()]]>
              </value>
            </param>
          </params>
          <reporter-output>
          </reporter-output>
        </test-method> <!-- beforeMethod -->
        <test-method signature="validuserName()[pri:0, instance:com.qa.tests.LoginTests@323b36e0]" started-at="2025-08-24T23:24:26 IST" name="validuserName" finished-at="2025-08-24T23:24:30 IST" duration-ms="3885" status="PASS">
          <reporter-output>
          </reporter-output>
        </test-method> <!-- validuserName -->
        <test-method is-config="true" signature="afterTest()[pri:0, instance:com.qa.tests.LoginTests@323b36e0]" started-at="2025-08-24T23:24:30 IST" name="afterTest" finished-at="2025-08-24T23:24:30 IST" duration-ms="0" status="PASS">
          <reporter-output>
          </reporter-output>
        </test-method> <!-- afterTest -->
      </class> <!-- com.qa.tests.LoginTests -->
    </test> <!-- Login Test on Android -->
  </suite> <!-- Android Suite -->
</testng-results>
