<?xml version="1.0" encoding="UTF-8"?>
<testng-results ignored="0" total="1" passed="1" failed="0" skipped="0">
  <reporter-output>
  </reporter-output>
  <suite started-at="2025-08-23T22:26:32 IST" name="Android Suite" finished-at="2025-08-23T22:26:42 IST" duration-ms="9594">
    <groups>
    </groups>
    <test started-at="2025-08-23T22:26:32 IST" name="Login Test on Android" finished-at="2025-08-23T22:26:42 IST" duration-ms="9594">
      <class name="com.qa.tests.LoginTests">
        <test-method is-config="true" signature="beforeTest(java.lang.String,java.lang.String)[pri:0, instance:com.qa.tests.LoginTests@47af7f3d]" started-at="2025-08-23T22:26:32 IST" name="beforeTest" finished-at="2025-08-23T22:26:36 IST" duration-ms="3932" status="PASS">
          <params>
            <param index="0">
              <value>
                <![CDATA[Android]]>
              </value>
            </param>
            <param index="1">
              <value>
                <![CDATA[emulator-5554]]>
              </value>
            </param>
          </params>
          <reporter-output>
          </reporter-output>
        </test-method> <!-- beforeTest -->
        <test-method is-config="true" signature="beforeMethod(java.lang.reflect.Method)[pri:0, instance:com.qa.tests.LoginTests@47af7f3d]" started-at="2025-08-23T22:26:36 IST" name="beforeMethod" finished-at="2025-08-23T22:26:36 IST" duration-ms="208" status="PASS">
          <params>
            <param index="0">
              <value>
                <![CDATA[public void com.qa.tests.LoginTests.validuserName()]]>
              </value>
            </param>
          </params>
          <reporter-output>
          </reporter-output>
        </test-method> <!-- beforeMethod -->
        <test-method signature="validuserName()[pri:0, instance:com.qa.tests.LoginTests@47af7f3d]" started-at="2025-08-23T22:26:36 IST" name="validuserName" finished-at="2025-08-23T22:26:42 IST" duration-ms="5432" status="PASS">
          <reporter-output>
          </reporter-output>
        </test-method> <!-- validuserName -->
        <test-method is-config="true" signature="afterTest()[pri:0, instance:com.qa.tests.LoginTests@47af7f3d]" started-at="2025-08-23T22:26:42 IST" name="afterTest" finished-at="2025-08-23T22:26:42 IST" duration-ms="1" status="PASS">
          <reporter-output>
          </reporter-output>
        </test-method> <!-- afterTest -->
      </class> <!-- com.qa.tests.LoginTests -->
    </test> <!-- Login Test on Android -->
  </suite> <!-- Android Suite -->
</testng-results>
